     1                                  ; hello.asm
     2                                  bits 64                 ; tell the assembler that this code is 64-bit
     3                                  
     4                                  extern      printf      ; declare the function as external
     5                                  
     6                                  section .data
     7 00000000 48656C6C6F2C20576F-         msg     db      "Hello, World!",0
     7 00000009 726C642100         
     8 0000000E 54686973206973206F-         fmtstr  db      "This is our string: %s",10,0   ; print format
     8 00000017 757220737472696E67-
     8 00000020 3A2025730A00       
     9                                  section .bss
    10                                  section .text
    11                                      global main
    12                                  main:
    13 00000000 55                          push    rbp             ; function prologue
    14 00000001 4889E5                      mov     rbp, rsp        ; function prologue
    15 00000004 48BF-                       mov     rdi, fmtstr     ; first argument for printf
    15 00000006 [0E00000000000000] 
    16 0000000E 48BE-                       mov     rsi, msg        ; second argument for printf
    16 00000010 [0000000000000000] 
    17 00000018 4831C0                      xor     rax, rax        ; no xmm registers
    18 0000001B E8(00000000)                call    printf          ; call the function
    19                                  
    20 00000020 4889EC                      mov     rsp, rbp            ; function epilogue
    21 00000023 5D                          pop     rbp                 ; function epilogue
    22                                  
    23                                      ; exit
    24 00000024 B83C000000                  mov     rax, 60             ; 60 = exit
    25 00000029 BF00000000                  mov     rdi, 0              ; 0 = success exit code
    26 0000002E 0F05                        syscall
