     1                                  ; hello3.asm
     2                                  bits 64                 ; tell the assembler that this code is 64-bit
     3                                  
     4                                  section .data
     5 00000000 68656C6C6F2C20776F-         msg db      "hello, world", 10, 0
     5 00000009 726C640A00         
     6                                  section .bss
     7                                  section .text
     8                                      global main
     9                                  
    10                                  main:
    11 00000000 B801000000                  mov rax, 1              ; 1 = write
    12 00000005 BF01000000                  mov rdi, 1              ; 1 = to stdout
    13 0000000A 48BE-                       mov rsi, msg            ; msg to be display in rsi
    13 0000000C [0000000000000000] 
    14 00000014 BA0D000000                  mov rdx, 13             ; length of the message
    15 00000019 0F05                        syscall                 ; print
    16                                  
    17 0000001B B83C000000                  mov rax, 60             ; 60 = exit
    18 00000020 BF00000000                  mov rdi, 0              ; 0 = success exit code
    19 00000025 0F05                        syscall                 ; exit
    20                                      
